<?xml version="1.0" encoding="UTF-8"?>
<!-- Generated by org.testng.reporters.JUnitReportReporter -->
<testsuite hostname="DESKTOP-6T7DIVD" failures="0" tests="3" name="AutomationProjects.cicdpipeline.TestClass1" time="32.941" errors="0" timestamp="2024-06-23T20:07:36 IST" skipped="0">
  <testcase classname="AutomationProjects.cicdpipeline.TestClass1" name="Test3" time="11.102"/>
  <testcase classname="AutomationProjects.cicdpipeline.TestClass1" name="Test1" time="10.380"/>
  <testcase classname="AutomationProjects.cicdpipeline.TestClass1" name="Test2" time="11.459"/>
</testsuite> <!-- AutomationProjects.cicdpipeline.TestClass1 -->
