<?xml version="1.0" encoding="UTF-8"?>
<!-- Generated by org.testng.reporters.JUnitReportReporter -->
<testsuite hostname="DESKTOP-6T7DIVD" failures="0" tests="3" name="AutomationProjects.cicdpipeline.TestClass1" time="37.204" errors="0" timestamp="2024-06-23T20:15:20 IST" skipped="0">
  <testcase classname="AutomationProjects.cicdpipeline.TestClass1" name="Test3" time="13.920"/>
  <testcase classname="AutomationProjects.cicdpipeline.TestClass1" name="Test2" time="11.148"/>
  <testcase classname="AutomationProjects.cicdpipeline.TestClass1" name="Test1" time="12.136"/>
</testsuite> <!-- AutomationProjects.cicdpipeline.TestClass1 -->
